P_list: [2000]
rho_list: [np.float64(0.0), np.float64(0.05), np.float64(0.1), np.float64(0.15), np.float64(0.2), np.float64(0.25), np.float64(0.3), np.float64(0.35), np.float64(0.4), np.float64(0.45), np.float64(0.5), np.float64(0.55), np.float64(0.6), np.float64(0.65), np.float64(0.7), np.float64(0.75), np.float64(0.8), np.float64(0.85), np.float64(0.9), np.float64(0.95), np.float64(1.0)]
n_iters: 300000
n_diag_samples: 100
run_pcn: True
run_mess: False
mpcn_parallel_backend: process
mpcn_parallel_n_jobs: 12
mpcn_parallelize_props: False
mpcn_llh_chunk_size: 0
checkpoint_interval: 10000
data_id: data_h5d92590a6971
run_id: mpcn_rho_sweep_h0546a8b4ce54
Run directory: /home/senng/multiproposal-internal/estimations/solute_transport/data_h5d92590a6971/sweep/mpcn_rho_sweep_h0546a8b4ce54
pCN loaded: rho=0.000, accept=0.000, runtime=1.63s
pCN loaded: rho=0.050, accept=0.001, runtime=1.64s
pCN loaded: rho=0.100, accept=0.000, runtime=1.65s
pCN loaded: rho=0.150, accept=0.001, runtime=1.64s
pCN loaded: rho=0.200, accept=0.000, runtime=1.64s
pCN loaded: rho=0.250, accept=0.001, runtime=1.62s
pCN loaded: rho=0.300, accept=0.001, runtime=1.65s
pCN loaded: rho=0.350, accept=0.000, runtime=1.64s
pCN loaded: rho=0.400, accept=0.001, runtime=1.62s
pCN loaded: rho=0.450, accept=0.001, runtime=1.66s
pCN loaded: rho=0.500, accept=0.001, runtime=1.66s
pCN loaded: rho=0.550, accept=0.001, runtime=1.63s
pCN loaded: rho=0.600, accept=0.001, runtime=1.66s
pCN loaded: rho=0.650, accept=0.002, runtime=1.65s
pCN loaded: rho=0.700, accept=0.002, runtime=1.64s
pCN loaded: rho=0.750, accept=0.003, runtime=1.63s
pCN loaded: rho=0.800, accept=0.004, runtime=1.64s
pCN loaded: rho=0.850, accept=0.005, runtime=1.63s
pCN loaded: rho=0.900, accept=0.010, runtime=1.67s
pCN loaded: rho=0.950, accept=0.021, runtime=1.65s
pCN loaded: rho=1.000, accept=1.000, runtime=1.66s
Estimating ESS for each parameter.
mPCN done: P=2000, rho=0.100, accept=0.207, runtime=53433.19s
