P_list: [10, 30, 50, 100]
rho_list: [np.float64(0.0), np.float64(0.025), np.float64(0.05), np.float64(0.075), np.float64(0.1), np.float64(0.125), np.float64(0.15), np.float64(0.175), np.float64(0.2), np.float64(0.225), np.float64(0.25), np.float64(0.275), np.float64(0.3), np.float64(0.325), np.float64(0.35), np.float64(0.375), np.float64(0.4), np.float64(0.425), np.float64(0.45), np.float64(0.475), np.float64(0.5), np.float64(0.525), np.float64(0.55), np.float64(0.575), np.float64(0.6), np.float64(0.625), np.float64(0.65), np.float64(0.675), np.float64(0.7), np.float64(0.725), np.float64(0.75), np.float64(0.775), np.float64(0.8), np.float64(0.825), np.float64(0.85), np.float64(0.875), np.float64(0.9), np.float64(0.925), np.float64(0.95), np.float64(0.975), np.float64(1.0)]
n_iters: 300000
n_diag_samples: 100
run_mtpcn: False
checkpoint_interval: 10000
data_id: data_h37adb6467e8e
run_id: rho_sweep_h3262d0adfe72
Run directory: /home/senng/multiproposal-internal/estimations/polar_twist/data_h37adb6467e8e/sweep/rho_sweep_h3262d0adfe72
mTPCN loaded: P=10, rho=0.125, accept=0.498, runtime=23.50s
mTPCN loaded: P=10, rho=0.325, accept=0.511, runtime=23.67s
mTPCN loaded: P=10, rho=0.525, accept=0.538, runtime=29.08s
mTPCN loaded: P=10, rho=0.725, accept=0.587, runtime=29.34s
Estimating ESS for each parameter.
mTPCN done: P=10, rho=0.925, accept=0.712, runtime=50.18s
Estimating ESS for each parameter.
mTPCN done: P=30, rho=0.100, accept=0.695, runtime=77.37s
Estimating ESS for each parameter.
mTPCN done: P=30, rho=0.300, accept=0.704, runtime=75.60s
Estimating ESS for each parameter.
mTPCN done: P=30, rho=0.500, accept=0.716, runtime=75.75s
Estimating ESS for each parameter.
mTPCN done: P=30, rho=0.700, accept=0.743, runtime=76.25s
Estimating ESS for each parameter.
mTPCN done: P=30, rho=0.900, accept=0.805, runtime=76.07s
Estimating ESS for each parameter.
mTPCN done: P=50, rho=0.075, accept=0.761, runtime=119.52s
Estimating ESS for each parameter.
mTPCN done: P=50, rho=0.275, accept=0.765, runtime=117.97s
Estimating ESS for each parameter.
mTPCN done: P=50, rho=0.475, accept=0.775, runtime=112.41s
Estimating ESS for each parameter.
mTPCN done: P=50, rho=0.675, accept=0.791, runtime=115.96s
Estimating ESS for each parameter.
mTPCN done: P=50, rho=0.875, accept=0.830, runtime=149.41s
Estimating ESS for each parameter.
mTPCN done: P=100, rho=0.050, accept=0.831, runtime=321.18s
Estimating ESS for each parameter.
mTPCN done: P=100, rho=0.250, accept=0.832, runtime=260.90s
Estimating ESS for each parameter.
mTPCN done: P=100, rho=0.450, accept=0.834, runtime=290.51s
Estimating ESS for each parameter.
mTPCN done: P=100, rho=0.650, accept=0.838, runtime=318.13s
mTPCN loaded: P=100, rho=0.850, accept=0.857, runtime=219.59s
0.650, accept=0.838, runtime=221.97s
Estimating ESS for each parameter.
mTPCN done: P=100, rho=0.850, accept=0.857, runtime=219.59s
