P_list: [10, 30, 50, 100]
rho_list: [np.float64(0.0), np.float64(0.025), np.float64(0.05), np.float64(0.075), np.float64(0.1), np.float64(0.125), np.float64(0.15), np.float64(0.175), np.float64(0.2), np.float64(0.225), np.float64(0.25), np.float64(0.275), np.float64(0.3), np.float64(0.325), np.float64(0.35), np.float64(0.375), np.float64(0.4), np.float64(0.425), np.float64(0.45), np.float64(0.475), np.float64(0.5), np.float64(0.525), np.float64(0.55), np.float64(0.575), np.float64(0.6), np.float64(0.625), np.float64(0.65), np.float64(0.675), np.float64(0.7), np.float64(0.725), np.float64(0.75), np.float64(0.775), np.float64(0.8), np.float64(0.825), np.float64(0.85), np.float64(0.875), np.float64(0.9), np.float64(0.925), np.float64(0.95), np.float64(0.975), np.float64(1.0)]
n_iters: 300000
n_diag_samples: 100
run_mtpcn: True
checkpoint_interval: 10000
data_id: data_h37adb6467e8e
run_id: rho_sweep_h3262d0adfe72
Run directory: /home/senng/multiproposal-internal/estimations/polar_twist/data_h37adb6467e8e/sweep/rho_sweep_h3262d0adfe72
Estimating ESS for each parameter.
mTPCN done: P=10, rho=0.175, accept=0.502, runtime=22.65s
Estimating ESS for each parameter.
mTPCN done: P=10, rho=0.375, accept=0.518, runtime=23.69s
Estimating ESS for each parameter.
mTPCN done: P=10, rho=0.575, accept=0.547, runtime=28.94s
Estimating ESS for each parameter.
mTPCN done: P=10, rho=0.775, accept=0.608, runtime=29.27s
Estimating ESS for each parameter.
mTPCN done: P=10, rho=0.975, accept=0.800, runtime=34.81s
Estimating ESS for each parameter.
mTPCN done: P=30, rho=0.150, accept=0.697, runtime=73.81s
Estimating ESS for each parameter.
mTPCN done: P=30, rho=0.350, accept=0.707, runtime=89.50s
Estimating ESS for each parameter.
mTPCN done: P=30, rho=0.550, accept=0.722, runtime=111.39s
Estimating ESS for each parameter.
mTPCN done: P=30, rho=0.750, accept=0.751, runtime=112.15s
Estimating ESS for each parameter.
mTPCN done: P=30, rho=0.950, accept=0.845, runtime=111.52s
Estimating ESS for each parameter.
mTPCN done: P=50, rho=0.125, accept=0.762, runtime=170.96s
Estimating ESS for each parameter.
mTPCN done: P=50, rho=0.325, accept=0.767, runtime=163.41s
Estimating ESS for each parameter.
mTPCN done: P=50, rho=0.525, accept=0.778, runtime=147.40s
Estimating ESS for each parameter.
mTPCN done: P=50, rho=0.725, accept=0.796, runtime=127.82s
Estimating ESS for each parameter.
mTPCN done: P=50, rho=0.925, accept=0.854, runtime=159.65s
Estimating ESS for each parameter.
mTPCN done: P=100, rho=0.100, accept=0.831, runtime=217.96s
Estimating ESS for each parameter.
mTPCN done: P=100, rho=0.300, accept=0.831, runtime=227.65s
Estimating ESS for each parameter.
mTPCN done: P=100, rho=0.500, accept=0.833, runtime=214.55s
Estimating ESS for each parameter.
mTPCN done: P=100, rho=0.700, accept=0.841, runtime=212.87s
Estimating ESS for each parameter.
mTPCN done: P=100, rho=0.900, accept=0.875, runtime=197.96s
