P_list: [10, 30, 50, 100]
rho_list: [np.float64(0.0), np.float64(0.02), np.float64(0.05), np.float64(0.08), np.float64(0.1), np.float64(0.12), np.float64(0.15), np.float64(0.18), np.float64(0.2), np.float64(0.22), np.float64(0.25), np.float64(0.28), np.float64(0.3), np.float64(0.32), np.float64(0.35), np.float64(0.38), np.float64(0.4), np.float64(0.43), np.float64(0.45), np.float64(0.48), np.float64(0.5), np.float64(0.52), np.float64(0.55), np.float64(0.58), np.float64(0.6), np.float64(0.62), np.float64(0.65), np.float64(0.68), np.float64(0.7), np.float64(0.73), np.float64(0.75), np.float64(0.78), np.float64(0.8), np.float64(0.82), np.float64(0.85), np.float64(0.88), np.float64(0.9), np.float64(0.92), np.float64(0.95), np.float64(0.98), np.float64(1.0)]
n_iters: 300000
n_diag_samples: 100
run_pcn: False
run_mess: False
checkpoint_interval: 10000
data_id: data_hed26f0f7a3ae
run_id: mpcn_rho_sweep_h5c884eebabc6
Run directory: /home/senng/multiproposal-internal/estimations/multiwell/data_hed26f0f7a3ae/sweep/mpcn_rho_sweep_h5c884eebabc6
pCN disabled (run_pcn=False).
Estimating ESS for each parameter.
mPCN done: P=10, rho=0.180, accept=0.389, runtime=20.69s
Estimating ESS for each parameter.
mPCN done: P=10, rho=0.380, accept=0.390, runtime=18.34s
Estimating ESS for each parameter.
mPCN done: P=10, rho=0.580, accept=0.405, runtime=18.48s
Estimating ESS for each parameter.
mPCN done: P=10, rho=0.780, accept=0.458, runtime=19.13s
Estimating ESS for each parameter.
mPCN done: P=10, rho=0.980, accept=0.768, runtime=23.64s
mPCN loaded: P=30, rho=0.150, accept=0.672, runtime=49.39s
mPCN loaded: P=30, rho=0.350, accept=0.673, runtime=49.75s
mPCN loaded: P=30, rho=0.550, accept=0.676, runtime=48.89s
mPCN loaded: P=30, rho=0.750, accept=0.702, runtime=48.94s
mPCN loaded: P=30, rho=0.950, accept=0.842, runtime=49.07s
Estimating ESS for each parameter.
mPCN done: P=50, rho=0.120, accept=0.780, runtime=73.52s
Estimating ESS for each parameter.
mPCN done: P=50, rho=0.320, accept=0.780, runtime=73.37s
Estimating ESS for each parameter.
mPCN done: P=50, rho=0.520, accept=0.782, runtime=72.39s
Estimating ESS for each parameter.
mPCN done: P=50, rho=0.730, accept=0.794, runtime=60.40s
Estimating ESS for each parameter.
mPCN done: P=50, rho=0.920, accept=0.865, runtime=63.58s
mPCN loaded: P=100, rho=0.100, accept=0.881, runtime=125.98s
mPCN loaded: P=100, rho=0.300, accept=0.883, runtime=129.79s
mPCN loaded: P=100, rho=0.500, accept=0.882, runtime=125.68s
mPCN loaded: P=100, rho=0.700, accept=0.885, runtime=129.74s
mPCN loaded: P=100, rho=0.900, accept=0.914, runtime=125.67s
MESS disabled (run_mess=False).
