P_list: [10, 30, 50, 100]
rho_list: [np.float64(0.0), np.float64(0.02), np.float64(0.05), np.float64(0.08), np.float64(0.1), np.float64(0.12), np.float64(0.15), np.float64(0.18), np.float64(0.2), np.float64(0.22), np.float64(0.25), np.float64(0.28), np.float64(0.3), np.float64(0.32), np.float64(0.35), np.float64(0.38), np.float64(0.4), np.float64(0.43), np.float64(0.45), np.float64(0.48), np.float64(0.5), np.float64(0.52), np.float64(0.55), np.float64(0.58), np.float64(0.6), np.float64(0.62), np.float64(0.65), np.float64(0.68), np.float64(0.7), np.float64(0.73), np.float64(0.75), np.float64(0.78), np.float64(0.8), np.float64(0.82), np.float64(0.85), np.float64(0.88), np.float64(0.9), np.float64(0.92), np.float64(0.95), np.float64(0.98), np.float64(1.0)]
n_iters: 300000
n_diag_samples: 100
run_pcn: False
run_mess: False
checkpoint_interval: 10000
data_id: data_hed26f0f7a3ae
run_id: mpcn_rho_sweep_h5c884eebabc6
Run directory: /home/senng/multiproposal-internal/estimations/multiwell/data_hed26f0f7a3ae/sweep/mpcn_rho_sweep_h5c884eebabc6
pCN disabled (run_pcn=False).
Estimating ESS for each parameter.
mPCN done: P=10, rho=0.080, accept=0.387, runtime=27.60s
Estimating ESS for each parameter.
mPCN done: P=10, rho=0.280, accept=0.389, runtime=26.21s
Estimating ESS for each parameter.
mPCN done: P=10, rho=0.480, accept=0.394, runtime=26.06s
Estimating ESS for each parameter.
mPCN done: P=10, rho=0.680, accept=0.419, runtime=26.72s
Estimating ESS for each parameter.
mPCN done: P=10, rho=0.880, accept=0.538, runtime=26.37s
mPCN loaded: P=30, rho=0.050, accept=0.671, runtime=49.04s
mPCN loaded: P=30, rho=0.250, accept=0.673, runtime=49.28s
mPCN loaded: P=30, rho=0.450, accept=0.673, runtime=49.33s
mPCN loaded: P=30, rho=0.650, accept=0.685, runtime=48.57s
mPCN loaded: P=30, rho=0.850, accept=0.743, runtime=49.06s
Estimating ESS for each parameter.
mPCN done: P=50, rho=0.020, accept=0.780, runtime=73.48s
Estimating ESS for each parameter.
mPCN done: P=50, rho=0.220, accept=0.779, runtime=73.30s
Estimating ESS for each parameter.
mPCN done: P=50, rho=0.430, accept=0.781, runtime=73.12s
Estimating ESS for each parameter.
mPCN done: P=50, rho=0.620, accept=0.786, runtime=73.73s
Estimating ESS for each parameter.
mPCN done: P=50, rho=0.820, accept=0.811, runtime=72.39s
mPCN loaded: P=100, rho=0.000, accept=0.881, runtime=125.33s
mPCN loaded: P=100, rho=0.200, accept=0.882, runtime=128.82s
mPCN loaded: P=100, rho=0.400, accept=0.881, runtime=125.19s
mPCN loaded: P=100, rho=0.600, accept=0.883, runtime=128.83s
mPCN loaded: P=100, rho=0.800, accept=0.891, runtime=125.22s
mPCN loaded: P=100, rho=1.000, accept=0.990, runtime=137.26s
MESS disabled (run_mess=False).
