P_list: [10, 30, 50, 100]
rho_list: [np.float64(0.0), np.float64(0.025), np.float64(0.05), np.float64(0.075), np.float64(0.1), np.float64(0.125), np.float64(0.15), np.float64(0.175), np.float64(0.2), np.float64(0.225), np.float64(0.25), np.float64(0.275), np.float64(0.3), np.float64(0.325), np.float64(0.35), np.float64(0.375), np.float64(0.4), np.float64(0.425), np.float64(0.45), np.float64(0.475), np.float64(0.5), np.float64(0.525), np.float64(0.55), np.float64(0.575), np.float64(0.6), np.float64(0.625), np.float64(0.65), np.float64(0.675), np.float64(0.7), np.float64(0.725), np.float64(0.75), np.float64(0.775), np.float64(0.8), np.float64(0.825), np.float64(0.85), np.float64(0.875), np.float64(0.9), np.float64(0.925), np.float64(0.95), np.float64(0.975), np.float64(1.0)]
n_iters: 300000
n_diag_samples: 100
run_pcn: False
run_mess: False
checkpoint_interval: 10000
data_id: data_h37adb6467e8e
run_id: mpcn_rho_sweep_h5c884eebabc6
Run directory: /home/senng/multiproposal-internal/estimations/polar_twist/data_h37adb6467e8e/sweep/mpcn_rho_sweep_h5c884eebabc6
pCN disabled (run_pcn=False).
Estimating ESS for each parameter.
mPCN done: P=10, rho=0.075, accept=0.458, runtime=34.06s
Estimating ESS for each parameter.
mPCN done: P=10, rho=0.275, accept=0.461, runtime=30.08s
Estimating ESS for each parameter.
mPCN done: P=10, rho=0.475, accept=0.463, runtime=29.70s
Estimating ESS for each parameter.
mPCN done: P=10, rho=0.675, accept=0.477, runtime=29.92s
Estimating ESS for each parameter.
mPCN done: P=10, rho=0.875, accept=0.546, runtime=30.14s
mPCN loaded: P=30, rho=0.050, accept=0.727, runtime=62.43s
mPCN loaded: P=30, rho=0.250, accept=0.729, runtime=61.36s
mPCN loaded: P=30, rho=0.450, accept=0.730, runtime=62.04s
mPCN loaded: P=30, rho=0.650, accept=0.738, runtime=61.45s
mPCN loaded: P=30, rho=0.850, accept=0.774, runtime=62.17s
Estimating ESS for each parameter.
mPCN done: P=50, rho=0.025, accept=0.820, runtime=91.76s
Estimating ESS for each parameter.
mPCN done: P=50, rho=0.225, accept=0.820, runtime=92.20s
Estimating ESS for each parameter.
mPCN done: P=50, rho=0.425, accept=0.823, runtime=91.22s
Estimating ESS for each parameter.
mPCN done: P=50, rho=0.625, accept=0.829, runtime=91.73s
Estimating ESS for each parameter.
mPCN done: P=50, rho=0.825, accept=0.844, runtime=90.92s
mPCN loaded: P=100, rho=0.000, accept=0.903, runtime=169.49s
mPCN loaded: P=100, rho=0.200, accept=0.904, runtime=164.45s
mPCN loaded: P=100, rho=0.400, accept=0.905, runtime=170.60s
mPCN loaded: P=100, rho=0.600, accept=0.907, runtime=165.84s
mPCN loaded: P=100, rho=0.800, accept=0.914, runtime=168.60s
mPCN loaded: P=100, rho=1.000, accept=0.990, runtime=158.17s
MESS disabled (run_mess=False).
