P_list: [10, 30, 50, 100]
rho_list: [np.float64(0.0), np.float64(0.025), np.float64(0.05), np.float64(0.075), np.float64(0.1), np.float64(0.125), np.float64(0.15), np.float64(0.175), np.float64(0.2), np.float64(0.225), np.float64(0.25), np.float64(0.275), np.float64(0.3), np.float64(0.325), np.float64(0.35), np.float64(0.375), np.float64(0.4), np.float64(0.425), np.float64(0.45), np.float64(0.475), np.float64(0.5), np.float64(0.525), np.float64(0.55), np.float64(0.575), np.float64(0.6), np.float64(0.625), np.float64(0.65), np.float64(0.675), np.float64(0.7), np.float64(0.725), np.float64(0.75), np.float64(0.775), np.float64(0.8), np.float64(0.825), np.float64(0.85), np.float64(0.875), np.float64(0.9), np.float64(0.925), np.float64(0.95), np.float64(0.975), np.float64(1.0)]
n_iters: 300000
n_diag_samples: 100
run_pcn: False
run_mess: False
run_independent_pcn: False
checkpoint_interval: 10000
data_id: data_h37adb6467e8e
run_id: mpcn_rho_sweep_h5c884eebabc6
Run directory: /home/senng/multiproposal-internal/estimations/polar_twist/data_h37adb6467e8e/sweep/mpcn_rho_sweep_h5c884eebabc6
pCN disabled (run_pcn=False).
pCN independent disabled (run_independent_pcn=False).
mPCN loaded: P=10, rho=0.125, accept=0.457, runtime=30.19s
mPCN loaded: P=10, rho=0.325, accept=0.457, runtime=29.73s
mPCN loaded: P=10, rho=0.525, accept=0.465, runtime=29.62s
mPCN loaded: P=10, rho=0.725, accept=0.486, runtime=29.77s
mPCN loaded: P=10, rho=0.925, accept=0.598, runtime=30.13s
mPCN loaded: P=30, rho=0.100, accept=0.727, runtime=61.93s
mPCN loaded: P=30, rho=0.300, accept=0.727, runtime=59.59s
mPCN loaded: P=30, rho=0.500, accept=0.733, runtime=61.23s
mPCN loaded: P=30, rho=0.700, accept=0.743, runtime=59.66s
mPCN loaded: P=30, rho=0.900, accept=0.795, runtime=61.75s
mPCN loaded: P=50, rho=0.075, accept=0.819, runtime=90.79s
mPCN loaded: P=50, rho=0.275, accept=0.821, runtime=90.73s
mPCN loaded: P=50, rho=0.475, accept=0.823, runtime=90.53s
mPCN loaded: P=50, rho=0.675, accept=0.829, runtime=90.72s
mPCN loaded: P=50, rho=0.875, accept=0.856, runtime=90.67s
mPCN loaded: P=100, rho=0.050, accept=0.904, runtime=141.39s
mPCN loaded: P=100, rho=0.250, accept=0.904, runtime=168.63s
mPCN loaded: P=100, rho=0.450, accept=0.906, runtime=116.82s
mPCN loaded: P=100, rho=0.650, accept=0.909, runtime=117.87s
mPCN loaded: P=100, rho=0.850, accept=0.918, runtime=129.99s
MESS disabled (run_mess=False).
