P_list: [10, 30, 50, 100]
rho_list: [np.float64(0.0), np.float64(0.025), np.float64(0.05), np.float64(0.075), np.float64(0.1), np.float64(0.125), np.float64(0.15), np.float64(0.175), np.float64(0.2), np.float64(0.225), np.float64(0.25), np.float64(0.275), np.float64(0.3), np.float64(0.325), np.float64(0.35), np.float64(0.375), np.float64(0.4), np.float64(0.425), np.float64(0.45), np.float64(0.475), np.float64(0.5), np.float64(0.525), np.float64(0.55), np.float64(0.575), np.float64(0.6), np.float64(0.625), np.float64(0.65), np.float64(0.675), np.float64(0.7), np.float64(0.725), np.float64(0.75), np.float64(0.775), np.float64(0.8), np.float64(0.825), np.float64(0.85), np.float64(0.875), np.float64(0.9), np.float64(0.925), np.float64(0.95), np.float64(0.975), np.float64(1.0)]
n_iters: 300000
n_diag_samples: 100
run_pcn: False
run_mess: False
run_independent_pcn: False
checkpoint_interval: 10000
data_id: data_h37adb6467e8e
run_id: mpcn_rho_sweep_h5c884eebabc6
Run directory: /home/senng/multiproposal-internal/estimations/polar_twist/data_h37adb6467e8e/sweep/mpcn_rho_sweep_h5c884eebabc6
pCN disabled (run_pcn=False).
pCN independent disabled (run_independent_pcn=False).
mPCN loaded: P=10, rho=0.025, accept=0.459, runtime=32.62s
mPCN loaded: P=10, rho=0.225, accept=0.458, runtime=29.27s
mPCN loaded: P=10, rho=0.425, accept=0.463, runtime=19.97s
mPCN loaded: P=10, rho=0.625, accept=0.473, runtime=20.25s
mPCN loaded: P=10, rho=0.825, accept=0.515, runtime=21.44s
mPCN loaded: P=30, rho=0.000, accept=0.728, runtime=61.76s
mPCN loaded: P=30, rho=0.200, accept=0.727, runtime=60.31s
mPCN loaded: P=30, rho=0.400, accept=0.729, runtime=61.39s
mPCN loaded: P=30, rho=0.600, accept=0.738, runtime=60.30s
mPCN loaded: P=30, rho=0.800, accept=0.758, runtime=62.01s
mPCN loaded: P=30, rho=1.000, accept=0.967, runtime=57.69s
mPCN loaded: P=50, rho=0.175, accept=0.821, runtime=62.64s
mPCN loaded: P=50, rho=0.375, accept=0.823, runtime=61.52s
mPCN loaded: P=50, rho=0.575, accept=0.827, runtime=78.95s
mPCN loaded: P=50, rho=0.775, accept=0.837, runtime=83.13s
mPCN loaded: P=50, rho=0.975, accept=0.916, runtime=90.23s
mPCN loaded: P=100, rho=0.150, accept=0.905, runtime=169.84s
mPCN loaded: P=100, rho=0.350, accept=0.904, runtime=171.62s
mPCN loaded: P=100, rho=0.550, accept=0.908, runtime=170.30s
mPCN loaded: P=100, rho=0.750, accept=0.912, runtime=171.42s
mPCN loaded: P=100, rho=0.950, accept=0.941, runtime=165.43s
MESS disabled (run_mess=False).
