P_list: [10, 30, 50, 100]
rho_list: [np.float64(0.0), np.float64(0.025), np.float64(0.05), np.float64(0.075), np.float64(0.1), np.float64(0.125), np.float64(0.15), np.float64(0.175), np.float64(0.2), np.float64(0.225), np.float64(0.25), np.float64(0.275), np.float64(0.3), np.float64(0.325), np.float64(0.35), np.float64(0.375), np.float64(0.4), np.float64(0.425), np.float64(0.45), np.float64(0.475), np.float64(0.5), np.float64(0.525), np.float64(0.55), np.float64(0.575), np.float64(0.6), np.float64(0.625), np.float64(0.65), np.float64(0.675), np.float64(0.7), np.float64(0.725), np.float64(0.75), np.float64(0.775), np.float64(0.8), np.float64(0.825), np.float64(0.85), np.float64(0.875), np.float64(0.9), np.float64(0.925), np.float64(0.95), np.float64(0.975), np.float64(1.0)]
n_iters: 300000
n_diag_samples: 100
run_pcn: False
run_mess: False
run_independent_pcn: False
checkpoint_interval: 10000
data_id: data_h37adb6467e8e
run_id: mpcn_rho_sweep_h5c884eebabc6
Run directory: /home/senng/multiproposal-internal/estimations/polar_twist/data_h37adb6467e8e/sweep/mpcn_rho_sweep_h5c884eebabc6
pCN disabled (run_pcn=False).
pCN independent disabled (run_independent_pcn=False).
mPCN loaded: P=10, rho=0.050, accept=0.460, runtime=27.08s
mPCN loaded: P=10, rho=0.250, accept=0.460, runtime=33.67s
mPCN loaded: P=10, rho=0.450, accept=0.463, runtime=30.45s
mPCN loaded: P=10, rho=0.650, accept=0.473, runtime=30.47s
mPCN loaded: P=10, rho=0.850, accept=0.529, runtime=30.54s
mPCN loaded: P=30, rho=0.025, accept=0.726, runtime=66.24s
mPCN loaded: P=30, rho=0.225, accept=0.727, runtime=62.30s
mPCN loaded: P=30, rho=0.425, accept=0.731, runtime=62.46s
mPCN loaded: P=30, rho=0.625, accept=0.737, runtime=62.10s
mPCN loaded: P=30, rho=0.825, accept=0.764, runtime=62.72s
mPCN loaded: P=50, rho=0.000, accept=0.819, runtime=92.37s
mPCN loaded: P=50, rho=0.200, accept=0.821, runtime=92.72s
mPCN loaded: P=50, rho=0.400, accept=0.822, runtime=92.83s
mPCN loaded: P=50, rho=0.600, accept=0.827, runtime=93.68s
mPCN loaded: P=50, rho=0.800, accept=0.840, runtime=92.31s
mPCN loaded: P=50, rho=1.000, accept=0.980, runtime=90.02s
mPCN loaded: P=100, rho=0.175, accept=0.904, runtime=172.78s
mPCN loaded: P=100, rho=0.375, accept=0.905, runtime=169.47s
mPCN loaded: P=100, rho=0.575, accept=0.907, runtime=166.00s
mPCN loaded: P=100, rho=0.775, accept=0.913, runtime=166.14s
mPCN loaded: P=100, rho=0.975, accept=0.955, runtime=166.86s
MESS disabled (run_mess=False).
