P_list: [10, 30, 50, 100]
rho_list: [np.float64(0.0), np.float64(0.025), np.float64(0.05), np.float64(0.075), np.float64(0.1), np.float64(0.125), np.float64(0.15), np.float64(0.175), np.float64(0.2), np.float64(0.225), np.float64(0.25), np.float64(0.275), np.float64(0.3), np.float64(0.325), np.float64(0.35), np.float64(0.375), np.float64(0.4), np.float64(0.425), np.float64(0.45), np.float64(0.475), np.float64(0.5), np.float64(0.525), np.float64(0.55), np.float64(0.575), np.float64(0.6), np.float64(0.625), np.float64(0.65), np.float64(0.675), np.float64(0.7), np.float64(0.725), np.float64(0.75), np.float64(0.775), np.float64(0.8), np.float64(0.825), np.float64(0.85), np.float64(0.875), np.float64(0.9), np.float64(0.925), np.float64(0.95), np.float64(0.975), np.float64(1.0)]
n_iters: 300000
n_diag_samples: 100
run_pcn: True
run_mess: False
checkpoint_interval: 10000
data_id: data_h37adb6467e8e
run_id: mpcn_rho_sweep_h5c884eebabc6
Run directory: /home/senng/multiproposal-internal/estimations/polar_twist/data_h37adb6467e8e/sweep/mpcn_rho_sweep_h5c884eebabc6
pCN loaded: rho=0.000, accept=0.108, runtime=7.97s
Estimating ESS for each parameter.
pCN done: rho=0.025, accept=0.108, runtime=5.88s
pCN loaded: rho=0.050, accept=0.109, runtime=5.54s
Estimating ESS for each parameter.
pCN done: rho=0.075, accept=0.107, runtime=5.66s
pCN loaded: rho=0.100, accept=0.109, runtime=5.57s
Estimating ESS for each parameter.
pCN done: rho=0.125, accept=0.110, runtime=5.60s
pCN loaded: rho=0.150, accept=0.110, runtime=5.61s
Estimating ESS for each parameter.
pCN done: rho=0.175, accept=0.110, runtime=5.65s
pCN loaded: rho=0.200, accept=0.111, runtime=5.70s
Estimating ESS for each parameter.
pCN done: rho=0.225, accept=0.111, runtime=5.60s
pCN loaded: rho=0.250, accept=0.112, runtime=5.63s
Estimating ESS for each parameter.
pCN done: rho=0.275, accept=0.114, runtime=5.63s
pCN loaded: rho=0.300, accept=0.113, runtime=5.71s
Estimating ESS for each parameter.
pCN done: rho=0.325, accept=0.115, runtime=5.68s
pCN loaded: rho=0.350, accept=0.116, runtime=5.90s
Estimating ESS for each parameter.
pCN done: rho=0.375, accept=0.117, runtime=5.71s
pCN loaded: rho=0.400, accept=0.117, runtime=5.80s
Estimating ESS for each parameter.
pCN done: rho=0.425, accept=0.119, runtime=5.84s
pCN loaded: rho=0.450, accept=0.119, runtime=5.64s
Estimating ESS for each parameter.
pCN done: rho=0.475, accept=0.119, runtime=5.70s
pCN loaded: rho=0.500, accept=0.123, runtime=5.58s
Estimating ESS for each parameter.
pCN done: rho=0.525, accept=0.125, runtime=5.62s
pCN loaded: rho=0.550, accept=0.125, runtime=5.52s
Estimating ESS for each parameter.
pCN done: rho=0.575, accept=0.129, runtime=5.60s
pCN loaded: rho=0.600, accept=0.130, runtime=5.64s
Estimating ESS for each parameter.
pCN done: rho=0.625, accept=0.135, runtime=5.69s
pCN loaded: rho=0.650, accept=0.139, runtime=5.76s
Estimating ESS for each parameter.
pCN done: rho=0.675, accept=0.144, runtime=5.60s
pCN loaded: rho=0.700, accept=0.144, runtime=5.57s
Estimating ESS for each parameter.
pCN done: rho=0.725, accept=0.149, runtime=5.62s
pCN loaded: rho=0.750, accept=0.154, runtime=5.51s
Estimating ESS for each parameter.
pCN done: rho=0.775, accept=0.162, runtime=5.60s
pCN loaded: rho=0.800, accept=0.170, runtime=5.50s
Estimating ESS for each parameter.
pCN done: rho=0.825, accept=0.180, runtime=5.68s
pCN loaded: rho=0.850, accept=0.193, runtime=5.53s
Estimating ESS for each parameter.
pCN done: rho=0.875, accept=0.209, runtime=5.74s
pCN loaded: rho=0.900, accept=0.231, runtime=5.51s
Estimating ESS for each parameter.
pCN done: rho=0.925, accept=0.259, runtime=5.65s
pCN loaded: rho=0.950, accept=0.302, runtime=5.52s
Estimating ESS for each parameter.
pCN done: rho=0.975, accept=0.403, runtime=5.58s
pCN loaded: rho=1.000, accept=1.000, runtime=5.53s
mPCN loaded: P=10, rho=0.000, accept=0.459, runtime=29.54s
mPCN loaded: P=10, rho=0.200, accept=0.459, runtime=32.75s
mPCN loaded: P=10, rho=0.400, accept=0.462, runtime=29.47s
mPCN loaded: P=10, rho=0.600, accept=0.470, runtime=30.42s
mPCN loaded: P=10, rho=0.800, accept=0.507, runtime=36.04s
mPCN loaded: P=10, rho=1.000, accept=0.909, runtime=28.74s
Estimating ESS for each parameter.
mPCN done: P=30, rho=0.175, accept=0.727, runtime=62.46s
Estimating ESS for each parameter.
mPCN done: P=30, rho=0.375, accept=0.732, runtime=61.92s
Estimating ESS for each parameter.
mPCN done: P=30, rho=0.575, accept=0.734, runtime=62.12s
Estimating ESS for each parameter.
mPCN done: P=30, rho=0.775, accept=0.753, runtime=62.26s
Estimating ESS for each parameter.
mPCN done: P=30, rho=0.975, accept=0.874, runtime=60.94s
mPCN loaded: P=50, rho=0.150, accept=0.820, runtime=91.77s
mPCN loaded: P=50, rho=0.350, accept=0.823, runtime=90.22s
mPCN loaded: P=50, rho=0.550, accept=0.827, runtime=81.96s
mPCN loaded: P=50, rho=0.750, accept=0.835, runtime=90.79s
mPCN loaded: P=50, rho=0.950, accept=0.893, runtime=92.15s
Estimating ESS for each parameter.
mPCN done: P=100, rho=0.125, accept=0.904, runtime=170.42s
Estimating ESS for each parameter.
mPCN done: P=100, rho=0.325, accept=0.905, runtime=157.88s
Estimating ESS for each parameter.
mPCN done: P=100, rho=0.525, accept=0.907, runtime=166.48s
Estimating ESS for each parameter.
mPCN done: P=100, rho=0.725, accept=0.911, runtime=166.91s
Estimating ESS for each parameter.
mPCN done: P=100, rho=0.925, accept=0.933, runtime=162.30s
MESS disabled (run_mess=False).
